# JRE version: Java(TM) SE Runtime Environment (7.0_71-b14) (build 1.7.0_71-b14)
# Java VM: Java HotSpot(TM) 64-Bit Server VM (24.71-b01 mixed mode windows-amd64 compressed oops)
Heap
 PSYoungGen      total 271360K, used 111126K [0x00000000eaa80000, 0x0000000100000000, 0x0000000100000000)
  eden space 195584K, 18% used [0x00000000eaa80000,0x00000000ecd09250,0x00000000f6980000)
  from space 75776K, 99% used [0x00000000f6980000,0x00000000fb37c7d8,0x00000000fb380000)
  to   space 78336K, 0% used [0x00000000fb380000,0x00000000fb380000,0x0000000100000000)
 ParOldGen       total 152576K, used 85908K [0x00000000c0000000, 0x00000000c9500000, 0x00000000eaa80000)
  object space 152576K, 56% used [0x00000000c0000000,0x00000000c53e50f0,0x00000000c9500000)
 PSPermGen       total 21504K, used 5473K [0x00000000bae00000, 0x00000000bc300000, 0x00000000c0000000)
  object space 21504K, 25% used [0x00000000bae00000,0x00000000bb358500,0x00000000bc300000)
GC Heap History (10 events):
Event: 13.767 GC heap before
{Heap before GC invocations=13 (full 3):
 PSYoungGen      total 207872K, used 204373K [0x00000000eaa80000, 0x00000000ff200000, 0x0000000100000000)
  eden space 146944K, 100% used [0x00000000eaa80000,0x00000000f3a00000,0x00000000f3a00000)
  from space 60928K, 94% used [0x00000000f3a00000,0x00000000f7215518,0x00000000f7580000)
  to   space 69632K, 0% used [0x00000000fae00000,0x00000000fae00000,0x00000000ff200000)
 ParOldGen       total 123904K, used 54452K [0x00000000c0000000, 0x00000000c7900000, 0x00000000eaa80000)
  object space 123904K, 43% used [0x00000000c0000000,0x00000000c352d398,0x00000000c7900000)
 PSPermGen       total 21504K, used 5406K [0x00000000bae00000, 0x00000000bc300000, 0x00000000c0000000)
  object space 21504K, 25% used [0x00000000bae00000,0x00000000bb347aa0,0x00000000bc300000)
Event: 14.202 GC heap after
Heap after GC invocations=13 (full 3):
 PSYoungGen      total 259584K, used 56961K [0x00000000eaa80000, 0x0000000100000000, 0x0000000100000000)
  eden space 189952K, 0% used [0x00000000eaa80000,0x00000000eaa80000,0x00000000f6400000)
  from space 69632K, 81% used [0x00000000fae00000,0x00000000fe5a0668,0x00000000ff200000)
  to   space 75776K, 0% used [0x00000000f6400000,0x00000000f6400000,0x00000000fae00000)
 ParOldGen       total 123904K, used 66982K [0x00000000c0000000, 0x00000000c7900000, 0x00000000eaa80000)
  object space 123904K, 54% used [0x00000000c0000000,0x00000000c41699c0,0x00000000c7900000)
 PSPermGen       total 21504K, used 5406K [0x00000000bae00000, 0x00000000bc300000, 0x00000000c0000000)
  object space 21504K, 25% used [0x00000000bae00000,0x00000000bb347aa0,0x00000000bc300000)
}
Event: 16.328 GC heap before
{Heap before GC invocations=14 (full 3):
 PSYoungGen      total 259584K, used 246913K [0x00000000eaa80000, 0x0000000100000000, 0x0000000100000000)
  eden space 189952K, 100% used [0x00000000eaa80000,0x00000000f6400000,0x00000000f6400000)
  from space 69632K, 81% used [0x00000000fae00000,0x00000000fe5a0668,0x00000000ff200000)
  to   space 75776K, 0% used [0x00000000f6400000,0x00000000f6400000,0x00000000fae00000)
 ParOldGen       total 123904K, used 66982K [0x00000000c0000000, 0x00000000c7900000, 0x00000000eaa80000)
  object space 123904K, 54% used [0x00000000c0000000,0x00000000c41699c0,0x00000000c7900000)
 PSPermGen       total 21504K, used 5409K [0x00000000bae00000, 0x00000000bc300000, 0x00000000c0000000)
  object space 21504K, 25% used [0x00000000bae00000,0x00000000bb348410,0x00000000bc300000)
Event: 16.502 GC heap after
Heap after GC invocations=14 (full 3):
 PSYoungGen      total 265728K, used 50659K [0x00000000eaa80000, 0x0000000100000000, 0x0000000100000000)
  eden space 189952K, 0% used [0x00000000eaa80000,0x00000000eaa80000,0x00000000f6400000)
  from space 75776K, 66% used [0x00000000f6400000,0x00000000f9578ed8,0x00000000fae00000)
  to   space 78336K, 0% used [0x00000000fb380000,0x00000000fb380000,0x0000000100000000)
 ParOldGen       total 123904K, used 81686K [0x00000000c0000000, 0x00000000c7900000, 0x00000000eaa80000)
  object space 123904K, 65% used [0x00000000c0000000,0x00000000c4fc5b90,0x00000000c7900000)
 PSPermGen       total 21504K, used 5409K [0x00000000bae00000, 0x00000000bc300000, 0x00000000c0000000)
  object space 21504K, 25% used [0x00000000bae00000,0x00000000bb348410,0x00000000bc300000)
}
Event: 18.194 GC heap before
{Heap before GC invocations=15 (full 3):
 PSYoungGen      total 265728K, used 240611K [0x00000000eaa80000, 0x0000000100000000, 0x0000000100000000)
  eden space 189952K, 100% used [0x00000000eaa80000,0x00000000f6400000,0x00000000f6400000)
  from space 75776K, 66% used [0x00000000f6400000,0x00000000f9578ed8,0x00000000fae00000)
  to   space 78336K, 0% used [0x00000000fb380000,0x00000000fb380000,0x0000000100000000)
 ParOldGen       total 123904K, used 81686K [0x00000000c0000000, 0x00000000c7900000, 0x00000000eaa80000)
  object space 123904K, 65% used [0x00000000c0000000,0x00000000c4fc5b90,0x00000000c7900000)
 PSPermGen       total 21504K, used 5412K [0x00000000bae00000, 0x00000000bc300000, 0x00000000c0000000)
  object space 21504K, 25% used [0x00000000bae00000,0x00000000bb3490b8,0x00000000bc300000)
Event: 18.258 GC heap after
Heap after GC invocations=15 (full 3):
 PSYoungGen      total 271360K, used 24484K [0x00000000eaa80000, 0x00000000ffd80000, 0x0000000100000000)
  eden space 195584K, 0% used [0x00000000eaa80000,0x00000000eaa80000,0x00000000f6980000)
  from space 75776K, 32% used [0x00000000fb380000,0x00000000fcb692d8,0x00000000ffd80000)
  to   space 75776K, 0% used [0x00000000f6980000,0x00000000f6980000,0x00000000fb380000)
 ParOldGen       total 123904K, used 96320K [0x00000000c0000000, 0x00000000c7900000, 0x00000000eaa80000)
  object space 123904K, 77% used [0x00000000c0000000,0x00000000c5e10370,0x00000000c7900000)
 PSPermGen       total 21504K, used 5412K [0x00000000bae00000, 0x00000000bc300000, 0x00000000c0000000)
  object space 21504K, 25% used [0x00000000bae00000,0x00000000bb3490b8,0x00000000bc300000)
}
Event: 18.258 GC heap before
{Heap before GC invocations=16 (full 4):
 PSYoungGen      total 271360K, used 24484K [0x00000000eaa80000, 0x00000000ffd80000, 0x0000000100000000)
  eden space 195584K, 0% used [0x00000000eaa80000,0x00000000eaa80000,0x00000000f6980000)
  from space 75776K, 32% used [0x00000000fb380000,0x00000000fcb692d8,0x00000000ffd80000)
  to   space 75776K, 0% used [0x00000000f6980000,0x00000000f6980000,0x00000000fb380000)
 ParOldGen       total 123904K, used 96320K [0x00000000c0000000, 0x00000000c7900000, 0x00000000eaa80000)
  object space 123904K, 77% used [0x00000000c0000000,0x00000000c5e10370,0x00000000c7900000)
 PSPermGen       total 21504K, used 5412K [0x00000000bae00000, 0x00000000bc300000, 0x00000000c0000000)
  object space 21504K, 25% used [0x00000000bae00000,0x00000000bb3490b8,0x00000000bc300000)
Event: 19.188 GC heap after
Heap after GC invocations=16 (full 4):
 PSYoungGen      total 271360K, used 0K [0x00000000eaa80000, 0x00000000ffd80000, 0x0000000100000000)
  eden space 195584K, 0% used [0x00000000eaa80000,0x00000000eaa80000,0x00000000f6980000)
  from space 75776K, 0% used [0x00000000fb380000,0x00000000fb380000,0x00000000ffd80000)
  to   space 75776K, 0% used [0x00000000f6980000,0x00000000f6980000,0x00000000fb380000)
 ParOldGen       total 152576K, used 80059K [0x00000000c0000000, 0x00000000c9500000, 0x00000000eaa80000)
  object space 152576K, 52% used [0x00000000c0000000,0x00000000c4e2efd0,0x00000000c9500000)
 PSPermGen       total 21504K, used 5411K [0x00000000bae00000, 0x00000000bc300000, 0x00000000c0000000)
  object space 21504K, 25% used [0x00000000bae00000,0x00000000bb348ff8,0x00000000bc300000)
}
Event: 20.227 GC heap before
{Heap before GC invocations=17 (full 4):
 PSYoungGen      total 271360K, used 195584K [0x00000000eaa80000, 0x00000000ffd80000, 0x0000000100000000)
  eden space 195584K, 100% used [0x00000000eaa80000,0x00000000f6980000,0x00000000f6980000)
  from space 75776K, 0% used [0x00000000fb380000,0x00000000fb380000,0x00000000ffd80000)
  to   space 75776K, 0% used [0x00000000f6980000,0x00000000f6980000,0x00000000fb380000)
 ParOldGen       total 152576K, used 80059K [0x00000000c0000000, 0x00000000c9500000, 0x00000000eaa80000)
  object space 152576K, 52% used [0x00000000c0000000,0x00000000c4e2efd0,0x00000000c9500000)
 PSPermGen       total 21504K, used 5412K [0x00000000bae00000, 0x00000000bc300000, 0x00000000c0000000)
  object space 21504K, 25% used [0x00000000bae00000,0x00000000bb3491d8,0x00000000bc300000)
Event: 20.282 GC heap after
Heap after GC invocations=17 (full 4):
 PSYoungGen      total 271360K, used 75761K [0x00000000eaa80000, 0x0000000100000000, 0x0000000100000000)
  eden space 195584K, 0% used [0x00000000eaa80000,0x00000000eaa80000,0x00000000f6980000)
  from space 75776K, 99% used [0x00000000f6980000,0x00000000fb37c7d8,0x00000000fb380000)
  to   space 78336K, 0% used [0x00000000fb380000,0x00000000fb380000,0x0000000100000000)
 ParOldGen       total 152576K, used 85908K [0x00000000c0000000, 0x00000000c9500000, 0x00000000eaa80000)
  object space 152576K, 56% used [0x00000000c0000000,0x00000000c53e50f0,0x00000000c9500000)
 PSPermGen       total 21504K, used 5412K [0x00000000bae00000, 0x00000000bc300000, 0x00000000c0000000)
  object space 21504K, 25% used [0x00000000bae00000,0x00000000bb3491d8,0x00000000bc300000)
}

